<?xml version="1.0" encoding="UTF-8"?>
<!-- Generated by org.testng.reporters.JUnitReportReporter -->
<testsuite hostname="LAPTOP-TUN26NFM" failures="0" tests="1" name="incidents.UpdateIncident" time="4.912" errors="0" timestamp="2023-08-15T17:32:50 IST" skipped="0">
  <testcase classname="incidents.UpdateIncident" name="update" time="4.912"/>
</testsuite> <!-- incidents.UpdateIncident -->
