<?xml version="1.0" encoding="UTF-8"?>
<!-- Generated by org.testng.reporters.JUnitReportReporter -->
<testsuite hostname="LAPTOP-TUN26NFM" failures="0" tests="1" name="Salesforce.oppurunity_TC05_verifyOppurtunitysortorderbycloseDate" time="2.275" errors="0" timestamp="2023-08-27T11:10:52 IST" skipped="0">
  <testcase classname="Salesforce.oppurunity_TC05_verifyOppurtunitysortorderbycloseDate" name="verifyoppurtunity" time="2.275"/>
</testsuite> <!-- Salesforce.oppurunity_TC05_verifyOppurtunitysortorderbycloseDate -->
