<?xml version="1.0" encoding="UTF-8"?>
<!-- Generated by org.testng.reporters.JUnitReportReporter -->
<testsuite hostname="LAPTOP-TUN26NFM" failures="0" tests="1" name="incidents.CreateIncident" time="7.181" errors="0" timestamp="2023-08-15T17:32:50 IST" skipped="0">
  <testcase classname="incidents.CreateIncident" name="create" time="7.181"/>
</testsuite> <!-- incidents.CreateIncident -->
