<?xml version="1.0" encoding="UTF-8"?>
<!-- Generated by org.testng.reporters.JUnitReportReporter -->
<testsuite hostname="LAPTOP-TUN26NFM" failures="0" tests="1" name="Salesforce.oppurunity_TC01_CreateNewDashboard" time="24.175" errors="0" timestamp="2023-08-27T20:31:49 IST" skipped="0">
  <testcase classname="Salesforce.oppurunity_TC01_CreateNewDashboard" name="createNewDashboard" time="24.175"/>
</testsuite> <!-- Salesforce.oppurunity_TC01_CreateNewDashboard -->
