<?xml version="1.0" encoding="UTF-8"?>
<!-- Generated by org.testng.reporters.JUnitReportReporter -->
<testsuite hostname="LAPTOP-TUN26NFM" failures="0" tests="1" name="JIRA.CreateIncident" time="1.958" errors="0" timestamp="2023-08-15T12:32:05 IST" skipped="0">
  <testcase classname="JIRA.CreateIncident" name="createincident" time="1.958"/>
</testsuite> <!-- JIRA.CreateIncident -->
