<?xml version="1.0" encoding="UTF-8"?>
<!-- Generated by org.testng.reporters.JUnitReportReporter -->
<testsuite hostname="LAPTOP-TUN26NFM" failures="0" tests="1" name="issues.DeleteIncident" time="1.049" errors="0" timestamp="2023-08-15T17:49:11 IST" skipped="0">
  <testcase classname="issues.DeleteIncident" name="delete" time="1.049"/>
</testsuite> <!-- issues.DeleteIncident -->
